<?xml version="1.0" encoding="UTF-8"?>
<testng-results skipped="0" failed="1" ignored="0" total="5" passed="4">
  <reporter-output>
  </reporter-output>
  <suite name="Default suite" duration-ms="164977" started-at="2019-08-07T18:56:39Z" finished-at="2019-08-07T18:59:24Z">
    <groups>
    </groups>
    <test name="Default test" duration-ms="164977" started-at="2019-08-07T18:56:39Z" finished-at="2019-08-07T18:59:24Z">
      <class name="LoginAsCM.CmmSanity">
        <test-method status="PASS" signature="openBrowser()[pri:0, instance:LoginAsCM.CmmSanity@675d3402]" name="openBrowser" is-config="true" duration-ms="29098" started-at="2019-08-07T18:56:39Z" finished-at="2019-08-07T18:57:08Z">
          <reporter-output>
          </reporter-output>
        </test-method> <!-- openBrowser -->
        <test-method status="PASS" signature="VerifyPageTitle()[pri:0, instance:LoginAsCM.CmmSanity@675d3402]" name="VerifyPageTitle" duration-ms="1472" started-at="2019-08-07T18:57:08Z" finished-at="2019-08-07T18:57:09Z">
          <reporter-output>
          </reporter-output>
        </test-method> <!-- VerifyPageTitle -->
        <test-method status="PASS" signature="closeBrowser()[pri:0, instance:LoginAsCM.CmmSanity@675d3402]" name="closeBrowser" is-config="true" duration-ms="2532" started-at="2019-08-07T18:57:09Z" finished-at="2019-08-07T18:57:12Z">
          <reporter-output>
          </reporter-output>
        </test-method> <!-- closeBrowser -->
        <test-method status="PASS" signature="openBrowser()[pri:0, instance:LoginAsCM.CmmSanity@675d3402]" name="openBrowser" is-config="true" duration-ms="30752" started-at="2019-08-07T18:57:12Z" finished-at="2019-08-07T18:57:43Z">
          <reporter-output>
          </reporter-output>
        </test-method> <!-- openBrowser -->
        <test-method status="FAIL" signature="login_As_Super_Admin()[pri:0, instance:LoginAsCM.CmmSanity@675d3402]" name="login_As_Super_Admin" duration-ms="7839" started-at="2019-08-07T18:57:43Z" finished-at="2019-08-07T18:57:51Z">
          <exception class="java.lang.AssertionError">
            <message>
              <![CDATA[expected [true] but found [Cannot log in, check your email and/or password.]]]>
            </message>
            <full-stacktrace>
              <![CDATA[java.lang.AssertionError: expected [true] but found [Cannot log in, check your email and/or password.]
at org.testng.Assert.fail(Assert.java:96)
at org.testng.Assert.failNotEquals(Assert.java:776)
at org.testng.Assert.assertEqualsImpl(Assert.java:137)
at org.testng.Assert.assertEquals(Assert.java:118)
at org.testng.Assert.assertEquals(Assert.java:442)
at LoginAsCM.CmmSanity.login_As_Super_Admin(CmmSanity.java:46)
at sun.reflect.NativeMethodAccessorImpl.invoke0(Native Method)
at sun.reflect.NativeMethodAccessorImpl.invoke(NativeMethodAccessorImpl.java:62)
at sun.reflect.DelegatingMethodAccessorImpl.invoke(DelegatingMethodAccessorImpl.java:43)
at java.lang.reflect.Method.invoke(Method.java:498)
at org.testng.internal.MethodInvocationHelper.invokeMethod(MethodInvocationHelper.java:124)
at org.testng.internal.Invoker.invokeMethod(Invoker.java:580)
at org.testng.internal.Invoker.invokeTestMethod(Invoker.java:716)
at org.testng.internal.Invoker.invokeTestMethods(Invoker.java:988)
at org.testng.internal.TestMethodWorker.invokeTestMethods(TestMethodWorker.java:125)
at org.testng.internal.TestMethodWorker.run(TestMethodWorker.java:109)
at org.testng.TestRunner.privateRun(TestRunner.java:648)
at org.testng.TestRunner.run(TestRunner.java:505)
at org.testng.SuiteRunner.runTest(SuiteRunner.java:455)
at org.testng.SuiteRunner.runSequentially(SuiteRunner.java:450)
at org.testng.SuiteRunner.privateRun(SuiteRunner.java:415)
at org.testng.SuiteRunner.run(SuiteRunner.java:364)
at org.testng.SuiteRunnerWorker.runSuite(SuiteRunnerWorker.java:52)
at org.testng.SuiteRunnerWorker.run(SuiteRunnerWorker.java:84)
at org.testng.TestNG.runSuitesSequentially(TestNG.java:1208)
at org.testng.TestNG.runSuitesLocally(TestNG.java:1137)
at org.testng.TestNG.runSuites(TestNG.java:1049)
at org.testng.TestNG.run(TestNG.java:1017)
at org.testng.remote.AbstractRemoteTestNG.run(AbstractRemoteTestNG.java:114)
at org.testng.remote.RemoteTestNG.initAndRun(RemoteTestNG.java:251)
at org.testng.remote.RemoteTestNG.main(RemoteTestNG.java:77)
]]>
            </full-stacktrace>
          </exception> <!-- java.lang.AssertionError -->
          <reporter-output>
          </reporter-output>
        </test-method> <!-- login_As_Super_Admin -->
        <test-method status="PASS" signature="closeBrowser()[pri:0, instance:LoginAsCM.CmmSanity@675d3402]" name="closeBrowser" is-config="true" duration-ms="2127" started-at="2019-08-07T18:57:51Z" finished-at="2019-08-07T18:57:53Z">
          <reporter-output>
          </reporter-output>
        </test-method> <!-- closeBrowser -->
        <test-method status="PASS" signature="openBrowser()[pri:0, instance:LoginAsCM.CmmSanity@675d3402]" name="openBrowser" is-config="true" duration-ms="28793" started-at="2019-08-07T18:57:53Z" finished-at="2019-08-07T18:58:22Z">
          <reporter-output>
          </reporter-output>
        </test-method> <!-- openBrowser -->
        <test-method status="PASS" signature="verifyLogo()[pri:1, instance:LoginAsCM.CmmSanity@675d3402]" name="verifyLogo" duration-ms="1813" started-at="2019-08-07T18:58:22Z" finished-at="2019-08-07T18:58:23Z">
          <reporter-output>
          </reporter-output>
        </test-method> <!-- verifyLogo -->
        <test-method status="PASS" signature="closeBrowser()[pri:0, instance:LoginAsCM.CmmSanity@675d3402]" name="closeBrowser" is-config="true" duration-ms="1852" started-at="2019-08-07T18:58:23Z" finished-at="2019-08-07T18:58:25Z">
          <reporter-output>
          </reporter-output>
        </test-method> <!-- closeBrowser -->
        <test-method status="PASS" signature="openBrowser()[pri:0, instance:LoginAsCM.CmmSanity@675d3402]" name="openBrowser" is-config="true" duration-ms="26741" started-at="2019-08-07T18:58:25Z" finished-at="2019-08-07T18:58:52Z">
          <reporter-output>
          </reporter-output>
        </test-method> <!-- openBrowser -->
        <test-method status="PASS" signature="login_As_Community_Manager()[pri:2, instance:LoginAsCM.CmmSanity@675d3402]" name="login_As_Community_Manager" duration-ms="787" started-at="2019-08-07T18:58:52Z" finished-at="2019-08-07T18:58:53Z">
          <reporter-output>
          </reporter-output>
        </test-method> <!-- login_As_Community_Manager -->
        <test-method status="PASS" signature="closeBrowser()[pri:0, instance:LoginAsCM.CmmSanity@675d3402]" name="closeBrowser" is-config="true" duration-ms="2675" started-at="2019-08-07T18:58:53Z" finished-at="2019-08-07T18:58:55Z">
          <reporter-output>
          </reporter-output>
        </test-method> <!-- closeBrowser -->
        <test-method status="PASS" signature="openBrowser()[pri:0, instance:LoginAsCM.CmmSanity@675d3402]" name="openBrowser" is-config="true" duration-ms="22131" started-at="2019-08-07T18:58:55Z" finished-at="2019-08-07T18:59:18Z">
          <reporter-output>
          </reporter-output>
        </test-method> <!-- openBrowser -->
        <test-method status="PASS" signature="login_As_Admin()[pri:3, instance:LoginAsCM.CmmSanity@675d3402]" name="login_As_Admin" duration-ms="3552" started-at="2019-08-07T18:59:18Z" finished-at="2019-08-07T18:59:21Z">
          <reporter-output>
          </reporter-output>
        </test-method> <!-- login_As_Admin -->
        <test-method status="PASS" signature="closeBrowser()[pri:0, instance:LoginAsCM.CmmSanity@675d3402]" name="closeBrowser" is-config="true" duration-ms="2727" started-at="2019-08-07T18:59:21Z" finished-at="2019-08-07T18:59:24Z">
          <reporter-output>
          </reporter-output>
        </test-method> <!-- closeBrowser -->
      </class> <!-- LoginAsCM.CmmSanity -->
    </test> <!-- Default test -->
  </suite> <!-- Default suite -->
</testng-results>
